Determining if the pthread_create exist failed with the following output:
Change Dir: /home/merlissa/code/ros_ws_01/build/CMakeFiles/CMakeTmp

Run Build Command:"/usr/bin/make" "cmTC_faa81/fast"
/usr/bin/make -f CMakeFiles/cmTC_faa81.dir/build.make CMakeFiles/cmTC_faa81.dir/build
make[1]: Entering directory '/home/merlissa/code/ros_ws_01/build/CMakeFiles/CMakeTmp'
Building C object CMakeFiles/cmTC_faa81.dir/CheckSymbolExists.c.o
/usr/bin/cc    -o CMakeFiles/cmTC_faa81.dir/CheckSymbolExists.c.o   -c /home/merlissa/code/ros_ws_01/build/CMakeFiles/CMakeTmp/CheckSymbolExists.c
Linking C executable cmTC_faa81
/usr/bin/cmake -E cmake_link_script CMakeFiles/cmTC_faa81.dir/link.txt --verbose=1
/usr/bin/cc      -rdynamic CMakeFiles/cmTC_faa81.dir/CheckSymbolExists.c.o  -o cmTC_faa81 
CMakeFiles/cmTC_faa81.dir/CheckSymbolExists.c.o: In function `main':
CheckSymbolExists.c:(.text+0x1b): undefined reference to `pthread_create'
collect2: error: ld returned 1 exit status
CMakeFiles/cmTC_faa81.dir/build.make:97: recipe for target 'cmTC_faa81' failed
make[1]: *** [cmTC_faa81] Error 1
make[1]: Leaving directory '/home/merlissa/code/ros_ws_01/build/CMakeFiles/CMakeTmp'
Makefile:126: recipe for target 'cmTC_faa81/fast' failed
make: *** [cmTC_faa81/fast] Error 2

File /home/merlissa/code/ros_ws_01/build/CMakeFiles/CMakeTmp/CheckSymbolExists.c:
/* */
#include <pthread.h>

int main(int argc, char** argv)
{
  (void)argv;
#ifndef pthread_create
  return ((int*)(&pthread_create))[argc];
#else
  (void)argc;
  return 0;
#endif
}

Determining if the function pthread_create exists in the pthreads failed with the following output:
Change Dir: /home/merlissa/code/ros_ws_01/build/CMakeFiles/CMakeTmp

Run Build Command:"/usr/bin/make" "cmTC_a3920/fast"
/usr/bin/make -f CMakeFiles/cmTC_a3920.dir/build.make CMakeFiles/cmTC_a3920.dir/build
make[1]: Entering directory '/home/merlissa/code/ros_ws_01/build/CMakeFiles/CMakeTmp'
Building C object CMakeFiles/cmTC_a3920.dir/CheckFunctionExists.c.o
/usr/bin/cc   -DCHECK_FUNCTION_EXISTS=pthread_create   -o CMakeFiles/cmTC_a3920.dir/CheckFunctionExists.c.o   -c /usr/share/cmake-3.10/Modules/CheckFunctionExists.c
Linking C executable cmTC_a3920
/usr/bin/cmake -E cmake_link_script CMakeFiles/cmTC_a3920.dir/link.txt --verbose=1
/usr/bin/cc  -DCHECK_FUNCTION_EXISTS=pthread_create    -rdynamic CMakeFiles/cmTC_a3920.dir/CheckFunctionExists.c.o  -o cmTC_a3920 -lpthreads 
/usr/bin/ld: cannot find -lpthreads
collect2: error: ld returned 1 exit status
CMakeFiles/cmTC_a3920.dir/build.make:97: recipe for target 'cmTC_a3920' failed
make[1]: *** [cmTC_a3920] Error 1
make[1]: Leaving directory '/home/merlissa/code/ros_ws_01/build/CMakeFiles/CMakeTmp'
Makefile:126: recipe for target 'cmTC_a3920/fast' failed
make: *** [cmTC_a3920/fast] Error 2


